This is TeX, Version 3.14159 (Web2C 7.3.1) (format=latex 2003.2.18)  18 OCT 2004 15:35
**./images.tex
(./images.tex
LaTeX2e <2001/06/01>
Babel <v3.7h> and hyphenation patterns for american, french, german, ngerman, i
talian, nohyphenation, loaded.

(/usr/share/texmf/tex/latex/base/article.cls
Document Class: article 2001/04/21 v1.4e Standard LaTeX document class
(/usr/share/texmf/tex/latex/base/size11.clo
File: size11.clo 2001/04/21 v1.4e Standard LaTeX file (size option)
)
\c@part=\count79
\c@section=\count80
\c@subsection=\count81
\c@subsubsection=\count82
\c@paragraph=\count83
\c@subparagraph=\count84
\c@figure=\count85
\c@table=\count86
\abovecaptionskip=\skip41
\belowcaptionskip=\skip42
\bibindent=\dimen102
) (/usr/share/texmf/tex/latex/base/ifthen.sty
Package: ifthen 2001/05/26 v1.1c Standard LaTeX ifthen package (DPC)
) (/usr/share/texmf/tex/generic/babel/babel.sty
Package: babel 2001/03/01 v3.7h The Babel package
(/usr/share/texmf/tex/generic/babel/frenchb.ldf
Language: french 2001/09/09 v1.5g French support from the babel system
(/usr/share/texmf/tex/generic/babel/babel.def
File: babel.def 2001/03/01 v3.7h Babel common definitions
\babel@savecnt=\count87
\U@D=\dimen103
)
Package babel Info: Making : an active character on input line 199.
Package babel Info: Making ; an active character on input line 200.
Package babel Info: Making ! an active character on input line 201.
Package babel Info: Making ? an active character on input line 202.
*************************************
* Local config file frenchb.cfg used
*
(/usr/share/texmf/tex/generic/babel/frenchb.cfg))) (/usr/share/texmf/tex/latex/
base/inputenc.sty
Package: inputenc 2001/07/10 v0.99a Input encoding file 
(/usr/share/texmf/tex/latex/base/latin1.def
File: latin1.def 2001/07/10 v0.99a Input encoding file 
)) (/usr/share/texmf/tex/latex/misc/subfigure.sty
Package: subfigure 2002/07/30 v2.1.4 subfigure package
\subfigtopskip=\skip43
\subfigcapskip=\skip44
\subfigcaptopadj=\dimen104
\subfigbottomskip=\skip45
\subfigcapmargin=\dimen105
\subfiglabelskip=\skip46
\c@subfigure=\count88
\c@lofdepth=\count89
\c@subtable=\count90
\c@lotdepth=\count91
\subfig@top=\skip47
\subfig@bottom=\skip48
) (/usr/share/texmf/tex/latex/tools/indentfirst.sty
Package: indentfirst 1995/11/23 v1.03 Indent first paragraph (DPC)
) (/usr/share/texmf/tex/latex/minitoc/minitoc.sty
Package: minitoc 1999/08/03 v29 The minitoc package
*** minitoc package, version 29 ***
*** part level macros available ***
*** section level macros available ***
\tf@mtc=\write3
*** Autoconfiguration of extensions ***
\openout3 = `images.mtc1'.

\openout3 = `images.mtc'.

(images.mtc1)
\openout3 = `images.mtc'.

\openout3 = `images.mtc1'.

*** Long extensions (Unix-like) will be used ***
==> this version is configured for UNIX-like (long extensions) file names.
\mtc@toks=\toks14
\mtc@strutbox=\box26
\c@ptc=\count92
\c@parttocdepth=\count93
\ptcindent=\skip49
\c@stc=\count94
\c@secttocdepth=\count95
\stcindent=\skip50
(/usr/share/texmf/tex/latex/minitoc/english.mld
File: english.mld 1999/03/16
)) (/usr/share/texmf/tex/latex/html/url.sty
Package: url 1999/03/02  ver 1.4  Verb mode for urls, email addresses, and file
 names
) (/usr/share/texmf/tex/latex/algorith/algorithmic.sty
Package: algorithmic 
Document Style `algorithmic' - environment
(/usr/share/texmf/tex/latex/tools/calc.sty
Package: calc 1998/07/07 v4.1b Infix arithmetic (KKT,FJ)
\calc@Acount=\count96
\calc@Bcount=\count97
\calc@Adimen=\dimen106
\calc@Bdimen=\dimen107
\calc@Askip=\skip51
\calc@Bskip=\skip52
LaTeX Info: Redefining \setlength on input line 59.
LaTeX Info: Redefining \addtolength on input line 60.
\calc@denominator=\count98
)
\c@ALC@line=\count99
\c@ALC@rem=\count100
\ALC@tlm=\skip53
) (/usr/share/texmf/tex/latex/algorith/algorithm.sty
Package: algorithm 
Document Style `algorithm' - floating environment
(/usr/share/texmf/tex/latex/misc/float.sty
Package: float 2001/11/08 v1.3d Float enhancements (AL)
\c@float@type=\count101
\float@exts=\toks15
\float@box=\box27
\@float@everytoks=\toks16
\@floatcapt=\box28
)
\@float@every@algorithm=\toks17
\c@algorithm=\count102
) (/usr/share/texmf/tex/latex/graphics/graphicx.sty
Package: graphicx 1999/02/16 v1.0f Enhanced LaTeX Graphics (DPC,SPQR)
(/usr/share/texmf/tex/latex/graphics/keyval.sty
Package: keyval 1999/03/16 v1.13 key=value parser (DPC)
\KV@toks@=\toks18
) (/usr/share/texmf/tex/latex/graphics/graphics.sty
Package: graphics 2001/07/07 v1.0n Standard LaTeX Graphics (DPC,SPQR)
(/usr/share/texmf/tex/latex/graphics/trig.sty
Package: trig 1999/03/16 v1.09 sin cos tan (DPC)
) (/usr/share/texmf/tex/latex/config/graphics.cfg)
Package graphics Info: Driver file: dvips.def on input line 80.
(/usr/share/texmf/tex/latex/graphics/dvips.def
File: dvips.def 1999/02/16 v3.0i Driver-dependant file (DPC,SPQR)
))
\Gin@req@height=\dimen108
\Gin@req@width=\dimen109
) (/usr/share/texmf/tex/latex/fancyhdr/fancyhdr.sty
\headwidth=\dimen110
) (/usr/share/texmf/tex/latex/amsmath/amsmath.sty
Package: amsmath 2000/07/18 v2.13 AMS math features
\@mathmargin=\skip54
For additional information on amsmath, use the `?' option.
(/usr/share/texmf/tex/latex/amsmath/amstext.sty
Package: amstext 2000/06/29 v2.01
(/usr/share/texmf/tex/latex/amsmath/amsgen.sty
File: amsgen.sty 1999/11/30 v2.0
\@emptytoks=\toks19
\ex@=\dimen111
)) (/usr/share/texmf/tex/latex/amsmath/amsbsy.sty
Package: amsbsy 1999/11/29 v1.2d
\pmbraise@=\dimen112
) (/usr/share/texmf/tex/latex/amsmath/amsopn.sty
Package: amsopn 1999/12/14 v2.01 operator names
)
\inf@bad=\count103
LaTeX Info: Redefining \frac on input line 211.
\uproot@=\count104
\leftroot@=\count105
LaTeX Info: Redefining \overline on input line 307.
\classnum@=\count106
\DOTSCASE@=\count107
LaTeX Info: Redefining \ldots on input line 379.
LaTeX Info: Redefining \dots on input line 382.
LaTeX Info: Redefining \cdots on input line 467.
\Mathstrutbox@=\box29
\strutbox@=\box30
\big@size=\dimen113
LaTeX Font Info:    Redeclaring font encoding OML on input line 567.
LaTeX Font Info:    Redeclaring font encoding OMS on input line 568.
\macc@depth=\count108
\c@MaxMatrixCols=\count109
\dotsspace@=\muskip10
\c@parentequation=\count110
\dspbrk@lvl=\count111
\tag@help=\toks20
\row@=\count112
\column@=\count113
\maxfields@=\count114
\andhelp@=\toks21
\eqnshift@=\dimen114
\alignsep@=\dimen115
\tagshift@=\dimen116
\tagwidth@=\dimen117
\totwidth@=\dimen118
\lineht@=\dimen119
\@envbody=\toks22
\multlinegap=\skip55
\multlinetaggap=\skip56
\mathdisplay@stack=\toks23
LaTeX Info: Redefining \[ on input line 2666.
LaTeX Info: Redefining \] on input line 2667.
) (/usr/share/texmf/tex/latex/amsfonts/amssymb.sty
Package: amssymb 2002/01/22 v2.2d
(/usr/share/texmf/tex/latex/amsfonts/amsfonts.sty
Package: amsfonts 2001/10/25 v2.2f
\symAMSa=\mathgroup4
\symAMSb=\mathgroup5
LaTeX Font Info:    Overwriting math alphabet `\mathfrak' in version `bold'
(Font)                  U/euf/m/n --> U/euf/b/n on input line 132.
)) (/usr/share/texmf/tex/latex/amscls/amsthm.sty
Package: amsthm 2000/10/26 v2.08
\thm@style=\toks24
\thm@bodyfont=\toks25
\thm@headfont=\toks26
\thm@notefont=\toks27
\thm@headpunct=\toks28
\thm@preskip=\skip57
\thm@postskip=\skip58
\thm@headsep=\skip59
\dth@everypar=\toks29
) (/usr/share/texmf/tex/latex/multirow/multirow.sty
\bigstrutjot=\dimen120
) (/usr/share/texmf/tex/latex/misc/vmargin.sty
Package: vmargin 1999/06/01
Package `vmargin', V2.2, <1999/06/01>
\PaperWidth=\dimen121
\PaperHeight=\dimen122
)
\larg=\skip60
Runaway argument?
{ \begin {center} 
! Paragraph ended before \title was complete.
<to be read again> 
                   \par 
l.195 
      
I suspect you've forgotten a `}', causing me to apply this
control sequence to too much text. How can we recover?
My plan is to forget the whole thing and hope for the best.


! LaTeX Error: Missing \begin{document}.

See the LaTeX manual or LaTeX Companion for explanation.
Type  H <return>  for immediate help.
 ...                                              
                                                  
l.197 ^^I^^IE
             nfin en finir avec les probl鋗es :\\
You're in trouble here.  Try typing  <return>  to proceed.
If that doesn't work, type  X <return>  to quit.


Underfull \hbox (badness 10000) in paragraph at lines 197--202

 []


! LaTeX Error: \begin{document} ended by \end{center}.

See the LaTeX manual or LaTeX Companion for explanation.
Type  H <return>  for immediate help.
 ...                                              
                                                  
l.204 ^^I\end{center}
                     
Your command was ignored.
Type  I <command> <return>  to replace it with another command,
or  <return>  to continue without it.

! Extra \endgroup.
<recently read> \endgroup 
                          
l.204 ^^I\end{center}
                     
Things are pretty mixed up, but I think the worst is over.

! Too many }'s.
l.205 }
       
You've closed more groups than you opened.
Such booboos are generally harmless, so keep going.

(/usr/share/texmf/tex/latex/graphics/color.sty
Package: color 1999/02/16 v1.0i Standard LaTeX Color (DPC)
(/usr/share/texmf/tex/latex/config/color.cfg)
Package color Info: Driver file: dvips.def on input line 125.
(/usr/share/texmf/tex/latex/graphics/dvipsnam.def
File: dvipsnam.def 1999/02/16 v3.0i Driver-dependant file (DPC,SPQR)
))
\sizebox=\box31
\lthtmlwrite=\write4

LaTeX Warning: Unused global option(s):
    [openright].

(images.aux)
\openout1 = `images.aux'.

LaTeX Font Info:    Checking defaults for OML/cmm/m/it on input line 357.
LaTeX Font Info:    ... okay on input line 357.
LaTeX Font Info:    Checking defaults for T1/cmr/m/n on input line 357.
LaTeX Font Info:    ... okay on input line 357.
LaTeX Font Info:    Checking defaults for OT1/cmr/m/n on input line 357.
LaTeX Font Info:    ... okay on input line 357.
LaTeX Font Info:    Checking defaults for OMS/cmsy/m/n on input line 357.
LaTeX Font Info:    ... okay on input line 357.
LaTeX Font Info:    Checking defaults for OMX/cmex/m/n on input line 357.
LaTeX Font Info:    ... okay on input line 357.
LaTeX Font Info:    Checking defaults for U/cmr/m/n on input line 357.
LaTeX Font Info:    ... okay on input line 357.
LaTeX Font Info:    Checking defaults for OT2/wncyr/m/n on input line 357.
LaTeX Font Info:    Try loading font information for OT2+wncyr on input line 35
7.
(/usr/share/texmf/tex/latex/cyrillic/ot2wncyr.fd
File: ot2wncyr.fd 1999/12/17 v3.2a Computer Modern Cyrillic font definitions
)
LaTeX Font Info:    ... okay on input line 357.
LaTeX Info: Redefining \dots on input line 357.

latex2htmlLength hsize=349.0pt

latex2htmlLength vsize=773.63043pt

latex2htmlLength hoffset=0.0pt

latex2htmlLength voffset=0.0pt

latex2htmlLength topmargin=0.0pt

latex2htmlLength topskip=0.00003pt

latex2htmlLength headheight=0.0pt

latex2htmlLength headsep=0.0pt

latex2htmlLength parskip=0.0pt plus 1.0pt

latex2htmlLength oddsidemargin=108.405pt

latex2htmlLength evensidemargin=72.26999pt

[1

]
LaTeX Font Info:    Try loading font information for U+msa on input line 384.
(/usr/share/texmf/tex/latex/amsfonts/umsa.fd
File: umsa.fd 2002/01/19 v2.2g AMS font definitions
)
LaTeX Font Info:    Try loading font information for U+msb on input line 384.
(/usr/share/texmf/tex/latex/amsfonts/umsb.fd
File: umsb.fd 2002/01/19 v2.2g AMS font definitions
)
l2hSize :tex2html_wrap_inline1204:9.96692pt::9.96692pt::7.19759pt.
[2


]
l2hSize :tex2html_wrap_inline1206:9.96692pt::9.96692pt::7.19759pt.
[3


]
l2hSize :tex2html_wrap_inline1240:7.98248pt::7.98248pt::14.09561pt.
[4


]
l2hSize :tex2html_wrap_inline1242:7.98248pt::7.98248pt::14.09561pt.
[5


]
l2hSize :tex2html_wrap_inline1244:7.57185pt::7.57185pt::12.58542pt.
[6


]
l2hSize :tex2html_wrap_inline1246:9.9167pt::9.9167pt::13.86075pt.
[7


]
l2hSize :tex2html_wrap_inline1329:8.7125pt::8.7125pt::79.55855pt.
[8


]
l2hSize :tex2html_wrap_inline1331:8.7125pt::8.7125pt::113.30954pt.
[9


]
l2hSize :tex2html_wrap_inline1377:8.7125pt::8.7125pt::37.72433pt.
[10


]
l2hSize :tex2html_wrap_indisplay1379:8.7125pt::8.7125pt::65.13348pt.
[11


]
l2hSize :tex2html_wrap_indisplay1380:16.12024pt::16.12024pt::71.26715pt.
[12


]
l2hSize :tex2html_wrap_inline1382:9.96692pt::9.96692pt::7.19759pt.
[13


]
l2hSize :tex2html_wrap_inline1386:8.7125pt::8.7125pt::13.35677pt.
[14


]
l2hSize :tex2html_wrap_inline1387:11.89447pt::11.89447pt::236.64255pt.
[15


]
l2hSize :tex2html_wrap_inline1390:11.89447pt::11.89447pt::231.03827pt.
[16


]
l2hSize :tex2html_wrap_inline1393:11.89447pt::11.89447pt::237.52173pt.
[17


]
l2hSize :tex2html_wrap_inline1395:8.7125pt::8.7125pt::59.60138pt.
[18


]
l2hSize :tex2html_wrap_inline1397:7.48248pt::0.0pt::9.10983pt.
[19


]
Overfull \hbox (52.8963pt too wide) detected at line 524
[]
 []

l2hSize :figure553:157.29948pt::0.0pt::349.0pt.
[20


]
l2hSize :tex2html_wrap_inline1498:9.96692pt::9.96692pt::7.19759pt.
[21


]
l2hSize :tex2html_wrap_inline1528:7.98248pt::7.98248pt::13.04367pt.
[22


]
l2hSize :tex2html_wrap_indisplay1532:14.9644pt::14.9644pt::148.02344pt.
[23


]
l2hSize :tex2html_wrap_inline1534:7.48248pt::0.0pt::9.20409pt.
[24


]
l2hSize :tex2html_wrap_inline1536:9.96692pt::9.96692pt::84.49048pt.
[25


]
l2hSize :tex2html_wrap_inline1538:9.96692pt::9.96692pt::84.49048pt.
[26


]
l2hSize :tex2html_wrap_inline1540:8.7125pt::8.7125pt::83.31543pt.
[27


]
l2hSize :tex2html_wrap_inline1542:8.7125pt::8.7125pt::83.31543pt.
[28


]
l2hSize :tex2html_wrap_inline1544:8.7125pt::8.7125pt::83.31543pt.
[29


]
l2hSize :tex2html_wrap_inline1546:8.7125pt::8.7125pt::83.31543pt.
[30


]
l2hSize :tex2html_wrap_inline1548:7.48248pt::0.0pt::29.279pt.
[31


]
l2hSize :tex2html_wrap_inline1550:7.22179pt::0.0pt::4.31995pt.
[32


]
l2hSize :tex2html_wrap_indisplay1552:16.12024pt::16.12024pt::169.7849pt.
[33


]
l2hSize :tex2html_wrap_inline1554:8.7125pt::8.7125pt::30.11125pt.
[34


]
l2hSize :tex2html_wrap_inline1556:8.7125pt::8.7125pt::46.34659pt.
[35


]
l2hSize :tex2html_wrap_inline1562:8.7125pt::8.7125pt::61.8844pt.
[36


]
l2hSize :tex2html_wrap_inline1564:9.96692pt::9.96692pt::27.88087pt.
[37


]
l2hSize :tex2html_wrap_inline1566:7.72179pt::7.72179pt::45.07816pt.
[38


]
l2hSize :tex2html_wrap_inline1568:7.98248pt::7.98248pt::14.39978pt.
[39


]
l2hSize :tex2html_wrap_inline1570:7.98248pt::7.98248pt::14.39978pt.
[40


]
l2hSize :tex2html_wrap_indisplay1574:16.12024pt::16.12024pt::263.10515pt.
[41


]
l2hSize :tex2html_wrap_indisplay1576:14.9644pt::14.9644pt::273.11765pt.
[42


] (images.aux) ) 
Here is how much of TeX's memory you used:
 3362 strings out of 20880
 37855 string characters out of 196184
 101117 words of memory out of 350001
 6270 multiletter control sequences out of 10000+15000
 10304 words of font info for 41 fonts, out of 400000 for 1000
 14 hyphenation exceptions out of 10000
 27i,30n,40p,224b,715s stack positions out of 3000i,100n,1500p,50000b,4000s

Output written on images.dvi (42 pages, 13924 bytes).
